<?xml version="1.0" encoding="UTF-8"?>
<!-- Generated by org.testng.reporters.JUnitReportReporter -->
<testsuite hostname="TL118" failures="0" tests="1" name="com.trk.Testcases.LognTest" time="9.041" errors="0" timestamp="2021-07-11T11:53:59 IST" skipped="0">
  <testcase classname="com.trk.Testcases.LognTest" name="loginAsOriginator" time="9.041"/>
  <system-out/>
</testsuite> <!-- com.trk.Testcases.LognTest -->
